0 verbose cli [ '/usr/bin/node', '/usr/bin/npm', 'install', '-g', 'ascii-tarot' ]
1 info using npm@7.5.3
2 info using node@v15.8.0
3 timing config:load:defaults Completed in 1ms
4 timing config:load:file:/usr/lib/node_modules/npm/npmrc Completed in 1ms
5 timing config:load:builtin Completed in 1ms
6 timing config:load:cli Completed in 1ms
7 timing config:load:env Completed in 0ms
8 timing config:load:project Completed in 0ms
9 timing config:load:file:/home/dean/.npmrc Completed in 1ms
10 timing config:load:user Completed in 1ms
11 timing config:load:file:/usr/etc/npmrc Completed in 0ms
12 timing config:load:global Completed in 0ms
13 timing config:load:cafile Completed in 0ms
14 timing config:load:validate Completed in 0ms
15 timing config:load:setUserAgent Completed in 0ms
16 timing config:load:setEnvs Completed in 1ms
17 timing config:load Completed in 5ms
18 verbose npm-session 060b58650507eb33
19 timing npm:load Completed in 9ms
20 timing arborist:ctor Completed in 0ms
21 timing idealTree:init Completed in 5ms
22 timing idealTree:userRequests Completed in 1ms
23 silly idealTree buildDeps
24 silly fetch manifest ascii-tarot@*
25 http fetch GET 200 https://registry.npmjs.org/ascii-tarot 969ms
26 silly placeDep ROOT ascii-tarot@1.0.3 OK for:  want: *
27 silly fetch manifest cli-frames@^2.2.9
28 silly fetch manifest inquirer@^7.1.0
29 http fetch GET 304 https://registry.npmjs.org/inquirer 95ms (from cache)
30 http fetch GET 200 https://registry.npmjs.org/cli-frames 833ms
31 timing idealTree:#root Completed in 1814ms
32 silly placeDep node_modules/ascii-tarot cli-frames@2.2.10 OK for: ascii-tarot@1.0.3 want: ^2.2.9
33 silly placeDep node_modules/ascii-tarot inquirer@7.3.3 OK for: ascii-tarot@1.0.3 want: ^7.1.0
34 silly fetch manifest cli-update@2.0.0
35 silly fetch manifest ansi-escapes@^4.2.1
36 silly fetch manifest chalk@^4.1.0
37 silly fetch manifest cli-cursor@^3.1.0
38 silly fetch manifest cli-width@^3.0.0
39 silly fetch manifest external-editor@^3.0.3
40 silly fetch manifest figures@^3.0.0
41 silly fetch manifest lodash@^4.17.19
42 silly fetch manifest mute-stream@0.0.8
43 silly fetch manifest run-async@^2.4.0
44 silly fetch manifest rxjs@^6.6.0
45 silly fetch manifest string-width@^4.1.0
46 silly fetch manifest strip-ansi@^6.0.0
47 silly fetch manifest through@^2.3.6
48 http fetch GET 304 https://registry.npmjs.org/cli-cursor 66ms (from cache)
49 http fetch GET 304 https://registry.npmjs.org/external-editor 92ms (from cache)
50 http fetch GET 304 https://registry.npmjs.org/strip-ansi 86ms (from cache)
51 http fetch GET 304 https://registry.npmjs.org/mute-stream 101ms (from cache)
52 http fetch GET 304 https://registry.npmjs.org/ansi-escapes 117ms (from cache)
53 http fetch GET 304 https://registry.npmjs.org/cli-width 111ms (from cache)
54 http fetch GET 304 https://registry.npmjs.org/chalk 118ms (from cache)
55 http fetch GET 304 https://registry.npmjs.org/figures 117ms (from cache)
56 http fetch GET 304 https://registry.npmjs.org/run-async 115ms (from cache)
57 http fetch GET 304 https://registry.npmjs.org/rxjs 116ms (from cache)
58 http fetch GET 304 https://registry.npmjs.org/through 119ms (from cache)
59 http fetch GET 304 https://registry.npmjs.org/lodash 131ms (from cache)
60 http fetch GET 304 https://registry.npmjs.org/string-width 132ms (from cache)
61 http fetch GET 200 https://registry.npmjs.org/cli-update 890ms
62 timing idealTree:node_modules/ascii-tarot Completed in 905ms
63 silly placeDep node_modules/ascii-tarot cli-update@2.0.0 OK for: cli-frames@2.2.10 want: 2.0.0
64 timing idealTree:node_modules/ascii-tarot/node_modules/cli-frames Completed in 4ms
65 timing idealTree:node_modules/ascii-tarot/node_modules/cli-update Completed in 0ms
66 silly placeDep node_modules/ascii-tarot ansi-escapes@4.3.1 OK for: inquirer@7.3.3 want: ^4.2.1
67 silly placeDep node_modules/ascii-tarot chalk@4.1.0 OK for: inquirer@7.3.3 want: ^4.1.0
68 silly placeDep node_modules/ascii-tarot cli-cursor@3.1.0 OK for: inquirer@7.3.3 want: ^3.1.0
69 silly placeDep node_modules/ascii-tarot cli-width@3.0.0 OK for: inquirer@7.3.3 want: ^3.0.0
70 silly placeDep node_modules/ascii-tarot external-editor@3.1.0 OK for: inquirer@7.3.3 want: ^3.0.3
71 silly placeDep node_modules/ascii-tarot figures@3.2.0 OK for: inquirer@7.3.3 want: ^3.0.0
72 silly placeDep node_modules/ascii-tarot lodash@4.17.20 OK for: inquirer@7.3.3 want: ^4.17.19
73 silly placeDep node_modules/ascii-tarot mute-stream@0.0.8 OK for: inquirer@7.3.3 want: 0.0.8
74 silly placeDep node_modules/ascii-tarot run-async@2.4.1 OK for: inquirer@7.3.3 want: ^2.4.0
75 silly placeDep node_modules/ascii-tarot rxjs@6.6.3 OK for: inquirer@7.3.3 want: ^6.6.0
76 silly placeDep node_modules/ascii-tarot string-width@4.2.0 OK for: inquirer@7.3.3 want: ^4.1.0
77 silly placeDep node_modules/ascii-tarot strip-ansi@6.0.0 OK for: inquirer@7.3.3 want: ^6.0.0
78 silly placeDep node_modules/ascii-tarot through@2.3.8 OK for: inquirer@7.3.3 want: ^2.3.6
79 silly fetch manifest type-fest@^0.11.0
80 silly fetch manifest ansi-styles@^4.1.0
81 silly fetch manifest supports-color@^7.1.0
82 silly fetch manifest restore-cursor@^3.1.0
83 silly fetch manifest chardet@^0.7.0
84 silly fetch manifest iconv-lite@^0.4.24
85 silly fetch manifest tmp@^0.0.33
86 silly fetch manifest escape-string-regexp@^1.0.5
87 silly fetch manifest tslib@^1.9.0
88 silly fetch manifest emoji-regex@^8.0.0
89 silly fetch manifest is-fullwidth-code-point@^3.0.0
90 silly fetch manifest ansi-regex@^5.0.0
91 http fetch GET 304 https://registry.npmjs.org/chardet 49ms (from cache)
92 http fetch GET 304 https://registry.npmjs.org/tmp 52ms (from cache)
93 http fetch GET 304 https://registry.npmjs.org/restore-cursor 57ms (from cache)
94 http fetch GET 200 https://registry.npmjs.org/type-fest 86ms
95 http fetch GET 304 https://registry.npmjs.org/escape-string-regexp 81ms (from cache)
96 http fetch GET 304 https://registry.npmjs.org/ansi-regex 78ms (from cache)
97 http fetch GET 304 https://registry.npmjs.org/ansi-styles 90ms (from cache)
98 http fetch GET 304 https://registry.npmjs.org/iconv-lite 86ms (from cache)
99 http fetch GET 304 https://registry.npmjs.org/emoji-regex 82ms (from cache)
100 http fetch GET 304 https://registry.npmjs.org/supports-color 91ms (from cache)
101 http fetch GET 304 https://registry.npmjs.org/tslib 84ms (from cache)
102 http fetch GET 304 https://registry.npmjs.org/is-fullwidth-code-point 85ms (from cache)
103 timing idealTree:node_modules/ascii-tarot/node_modules/inquirer Completed in 124ms
104 silly placeDep node_modules/ascii-tarot type-fest@0.11.0 OK for: ansi-escapes@4.3.1 want: ^0.11.0
105 timing idealTree:node_modules/ascii-tarot/node_modules/ansi-escapes Completed in 1ms
106 silly placeDep node_modules/ascii-tarot ansi-styles@4.3.0 OK for: chalk@4.1.0 want: ^4.1.0
107 silly placeDep node_modules/ascii-tarot supports-color@7.2.0 OK for: chalk@4.1.0 want: ^7.1.0
108 silly fetch manifest color-convert@^2.0.1
109 silly fetch manifest has-flag@^4.0.0
110 http fetch GET 304 https://registry.npmjs.org/color-convert 64ms (from cache)
111 http fetch GET 304 https://registry.npmjs.org/has-flag 65ms (from cache)
112 timing idealTree:node_modules/ascii-tarot/node_modules/chalk Completed in 67ms
113 silly placeDep node_modules/ascii-tarot color-convert@2.0.1 OK for: ansi-styles@4.3.0 want: ^2.0.1
114 silly fetch manifest color-name@~1.1.4
115 http fetch GET 304 https://registry.npmjs.org/color-name 42ms (from cache)
116 timing idealTree:node_modules/ascii-tarot/node_modules/ansi-styles Completed in 45ms
117 silly placeDep node_modules/ascii-tarot restore-cursor@3.1.0 OK for: cli-cursor@3.1.0 want: ^3.1.0
118 silly fetch manifest onetime@^5.1.0
119 silly fetch manifest signal-exit@^3.0.2
120 http fetch GET 304 https://registry.npmjs.org/onetime 61ms (from cache)
121 http fetch GET 304 https://registry.npmjs.org/signal-exit 67ms (from cache)
122 timing idealTree:node_modules/ascii-tarot/node_modules/cli-cursor Completed in 75ms
123 timing idealTree:node_modules/ascii-tarot/node_modules/cli-width Completed in 0ms
124 silly placeDep node_modules/ascii-tarot color-name@1.1.4 OK for: color-convert@2.0.1 want: ~1.1.4
125 timing idealTree:node_modules/ascii-tarot/node_modules/color-convert Completed in 2ms
126 timing idealTree:node_modules/ascii-tarot/node_modules/color-name Completed in 0ms
127 silly placeDep node_modules/ascii-tarot chardet@0.7.0 OK for: external-editor@3.1.0 want: ^0.7.0
128 silly placeDep node_modules/ascii-tarot iconv-lite@0.4.24 OK for: external-editor@3.1.0 want: ^0.4.24
129 silly placeDep node_modules/ascii-tarot tmp@0.0.33 OK for: external-editor@3.1.0 want: ^0.0.33
130 silly fetch manifest safer-buffer@>= 2.1.2 < 3
131 silly fetch manifest os-tmpdir@~1.0.2
132 http fetch GET 304 https://registry.npmjs.org/safer-buffer 35ms (from cache)
133 http fetch GET 304 https://registry.npmjs.org/os-tmpdir 45ms (from cache)
134 timing idealTree:node_modules/ascii-tarot/node_modules/external-editor Completed in 55ms
135 timing idealTree:node_modules/ascii-tarot/node_modules/chardet Completed in 0ms
136 silly placeDep node_modules/ascii-tarot escape-string-regexp@1.0.5 OK for: figures@3.2.0 want: ^1.0.5
137 timing idealTree:node_modules/ascii-tarot/node_modules/figures Completed in 1ms
138 timing idealTree:node_modules/ascii-tarot/node_modules/escape-string-regexp Completed in 0ms
139 silly placeDep node_modules/ascii-tarot safer-buffer@2.1.2 OK for: iconv-lite@0.4.24 want: >= 2.1.2 < 3
140 timing idealTree:node_modules/ascii-tarot/node_modules/iconv-lite Completed in 1ms
141 timing idealTree:node_modules/ascii-tarot/node_modules/lodash Completed in 0ms
142 timing idealTree:node_modules/ascii-tarot/node_modules/mute-stream Completed in 0ms
143 silly placeDep node_modules/ascii-tarot onetime@5.1.2 OK for: restore-cursor@3.1.0 want: ^5.1.0
144 silly placeDep node_modules/ascii-tarot signal-exit@3.0.3 OK for: restore-cursor@3.1.0 want: ^3.0.2
145 silly fetch manifest mimic-fn@^2.1.0
146 http fetch GET 304 https://registry.npmjs.org/mimic-fn 33ms (from cache)
147 timing idealTree:node_modules/ascii-tarot/node_modules/restore-cursor Completed in 35ms
148 silly placeDep node_modules/ascii-tarot mimic-fn@2.1.0 OK for: onetime@5.1.2 want: ^2.1.0
149 timing idealTree:node_modules/ascii-tarot/node_modules/onetime Completed in 1ms
150 timing idealTree:node_modules/ascii-tarot/node_modules/mimic-fn Completed in 1ms
151 timing idealTree:node_modules/ascii-tarot/node_modules/run-async Completed in 0ms
152 silly placeDep node_modules/ascii-tarot tslib@1.14.1 OK for: rxjs@6.6.3 want: ^1.9.0
153 timing idealTree:node_modules/ascii-tarot/node_modules/rxjs Completed in 1ms
154 timing idealTree:node_modules/ascii-tarot/node_modules/safer-buffer Completed in 0ms
155 timing idealTree:node_modules/ascii-tarot/node_modules/signal-exit Completed in 0ms
156 silly placeDep node_modules/ascii-tarot emoji-regex@8.0.0 OK for: string-width@4.2.0 want: ^8.0.0
157 silly placeDep node_modules/ascii-tarot is-fullwidth-code-point@3.0.0 OK for: string-width@4.2.0 want: ^3.0.0
158 timing idealTree:node_modules/ascii-tarot/node_modules/string-width Completed in 2ms
159 timing idealTree:node_modules/ascii-tarot/node_modules/emoji-regex Completed in 0ms
160 timing idealTree:node_modules/ascii-tarot/node_modules/is-fullwidth-code-point Completed in 0ms
161 silly placeDep node_modules/ascii-tarot ansi-regex@5.0.0 OK for: strip-ansi@6.0.0 want: ^5.0.0
162 timing idealTree:node_modules/ascii-tarot/node_modules/strip-ansi Completed in 1ms
163 timing idealTree:node_modules/ascii-tarot/node_modules/ansi-regex Completed in 0ms
164 silly placeDep node_modules/ascii-tarot has-flag@4.0.0 OK for: supports-color@7.2.0 want: ^4.0.0
165 timing idealTree:node_modules/ascii-tarot/node_modules/supports-color Completed in 1ms
166 timing idealTree:node_modules/ascii-tarot/node_modules/has-flag Completed in 0ms
167 timing idealTree:node_modules/ascii-tarot/node_modules/through Completed in 0ms
168 silly placeDep node_modules/ascii-tarot os-tmpdir@1.0.2 OK for: tmp@0.0.33 want: ~1.0.2
169 timing idealTree:node_modules/ascii-tarot/node_modules/tmp Completed in 1ms
170 timing idealTree:node_modules/ascii-tarot/node_modules/os-tmpdir Completed in 0ms
171 timing idealTree:node_modules/ascii-tarot/node_modules/tslib Completed in 0ms
172 timing idealTree:node_modules/ascii-tarot/node_modules/type-fest Completed in 0ms
173 timing idealTree:buildDeps Completed in 3143ms
174 timing idealTree:fixDepFlags Completed in 1ms
175 timing idealTree Completed in 3152ms
176 timing reify:loadTrees Completed in 3156ms
177 timing reify:diffTrees Completed in 1ms
178 silly reify moves {}
179 timing reify:retireShallow Completed in 0ms
180 timing reify:rollback:createSparse Completed in 0ms
181 timing reify:rollback:retireShallow Completed in 0ms
182 timing command:install Completed in 3168ms
183 verbose stack Error: EACCES: permission denied, mkdir '/usr/lib/node_modules/ascii-tarot'
184 verbose cwd /home/dean
185 verbose Linux 5.9.16-1-MANJARO
186 verbose argv "/usr/bin/node" "/usr/bin/npm" "install" "-g" "ascii-tarot"
187 verbose node v15.8.0
188 verbose npm  v7.5.3
189 error code EACCES
190 error syscall mkdir
191 error path /usr/lib/node_modules/ascii-tarot
192 error errno -13
193 error Error: EACCES: permission denied, mkdir '/usr/lib/node_modules/ascii-tarot'
193 error  [Error: EACCES: permission denied, mkdir '/usr/lib/node_modules/ascii-tarot'] {
193 error   errno: -13,
193 error   code: 'EACCES',
193 error   syscall: 'mkdir',
193 error   path: '/usr/lib/node_modules/ascii-tarot'
193 error }
194 error The operation was rejected by your operating system.
194 error It is likely you do not have the permissions to access this file as the current user
194 error
194 error If you believe this might be a permissions issue, please double-check the
194 error permissions of the file and its containing directories, or try running
194 error the command again as root/Administrator.
195 verbose exit -13
