0 verbose cli [ '/usr/bin/node', '/usr/bin/npm', 'install', '-g', 'ricemood' ]
1 info using npm@7.5.3
2 info using node@v15.8.0
3 timing config:load:defaults Completed in 1ms
4 timing config:load:file:/usr/lib/node_modules/npm/npmrc Completed in 1ms
5 timing config:load:builtin Completed in 1ms
6 timing config:load:cli Completed in 1ms
7 timing config:load:env Completed in 0ms
8 timing config:load:project Completed in 0ms
9 timing config:load:file:/home/dean/.npmrc Completed in 0ms
10 timing config:load:user Completed in 0ms
11 timing config:load:file:/usr/etc/npmrc Completed in 1ms
12 timing config:load:global Completed in 1ms
13 timing config:load:cafile Completed in 0ms
14 timing config:load:validate Completed in 0ms
15 timing config:load:setUserAgent Completed in 0ms
16 timing config:load:setEnvs Completed in 0ms
17 timing config:load Completed in 4ms
18 verbose npm-session 00539f69384f58f6
19 timing npm:load Completed in 9ms
20 timing arborist:ctor Completed in 1ms
21 timing idealTree:init Completed in 6ms
22 timing idealTree:userRequests Completed in 1ms
23 silly idealTree buildDeps
24 silly fetch manifest ricemood@*
25 http fetch GET 304 https://registry.npmjs.org/ricemood 907ms (from cache)
26 silly placeDep ROOT ricemood@0.0.2 OK for:  want: *
27 silly fetch manifest node-vibrant@^3.1.4
28 silly fetch manifest color@^3.1.2
29 silly fetch manifest commander@^4.0.1
30 silly fetch manifest get-pixels@^3.3.2
31 silly fetch manifest ini@^1.3.5
32 silly fetch manifest mime@^2.4.4
33 silly fetch manifest json-beautify@^1.1.1
34 silly fetch manifest @types/color@^3.0.0
35 silly fetch manifest @types/ini@^1.3.30
36 silly fetch manifest @types/mime@^2.0.1
37 http fetch GET 304 https://registry.npmjs.org/node-vibrant 49ms (from cache)
38 http fetch GET 304 https://registry.npmjs.org/ini 86ms (from cache)
39 http fetch GET 304 https://registry.npmjs.org/color 99ms (from cache)
40 http fetch GET 200 https://registry.npmjs.org/@types%2fini 136ms
41 http fetch GET 200 https://registry.npmjs.org/@types%2fcolor 139ms
42 http fetch GET 304 https://registry.npmjs.org/commander 144ms (from cache)
43 http fetch GET 304 https://registry.npmjs.org/mime 146ms (from cache)
44 http fetch GET 200 https://registry.npmjs.org/@types%2fmime 154ms
45 http fetch GET 304 https://registry.npmjs.org/get-pixels 826ms (from cache)
46 http fetch GET 304 https://registry.npmjs.org/json-beautify 850ms (from cache)
47 timing idealTree:#root Completed in 1773ms
48 silly placeDep node_modules/ricemood @types/color@3.0.1 OK for: ricemood@0.0.2 want: ^3.0.0
49 silly placeDep node_modules/ricemood @types/ini@1.3.30 OK for: ricemood@0.0.2 want: ^1.3.30
50 silly placeDep node_modules/ricemood @types/mime@2.0.3 OK for: ricemood@0.0.2 want: ^2.0.1
51 silly placeDep node_modules/ricemood color@3.1.3 OK for: ricemood@0.0.2 want: ^3.1.2
52 silly placeDep node_modules/ricemood commander@4.1.1 OK for: ricemood@0.0.2 want: ^4.0.1
53 silly placeDep node_modules/ricemood get-pixels@3.3.2 OK for: ricemood@0.0.2 want: ^3.3.2
54 silly placeDep node_modules/ricemood ini@1.3.8 OK for: ricemood@0.0.2 want: ^1.3.5
55 silly placeDep node_modules/ricemood json-beautify@1.1.1 OK for: ricemood@0.0.2 want: ^1.1.1
56 silly placeDep node_modules/ricemood mime@2.5.0 OK for: ricemood@0.0.2 want: ^2.4.4
57 silly placeDep node_modules/ricemood node-vibrant@3.1.6 OK for: ricemood@0.0.2 want: ^3.1.4
58 silly fetch manifest @types/color-convert@*
59 silly fetch manifest color-convert@^1.9.1
60 silly fetch manifest color-string@^1.5.4
61 silly fetch manifest data-uri-to-buffer@0.0.3
62 silly fetch manifest jpeg-js@^0.3.2
63 silly fetch manifest mime-types@^2.0.1
64 silly fetch manifest ndarray@^1.0.13
65 silly fetch manifest ndarray-pack@^1.1.1
66 silly fetch manifest node-bitmap@0.0.1
67 silly fetch manifest omggif@^1.0.5
68 silly fetch manifest parse-data-uri@^0.2.0
69 silly fetch manifest pngjs@^3.3.3
70 silly fetch manifest request@^2.44.0
71 silly fetch manifest through@^2.3.4
72 silly fetch manifest @types/lodash@^4.14.53
73 silly fetch manifest @types/node@^10.11.7
74 silly fetch manifest @jimp/custom@^0.16.1
75 silly fetch manifest @jimp/types@^0.16.1
76 silly fetch manifest @jimp/plugin-resize@^0.16.1
77 silly fetch manifest lodash@^4.17.20
78 silly fetch manifest url@^0.11.0
79 http fetch GET 304 https://registry.npmjs.org/node-bitmap 63ms (from cache)
80 http fetch GET 304 https://registry.npmjs.org/color-convert 69ms (from cache)
81 http fetch GET 200 https://registry.npmjs.org/@types%2fcolor-convert 74ms
82 http fetch GET 304 https://registry.npmjs.org/mime-types 72ms (from cache)
83 http fetch GET 304 https://registry.npmjs.org/jpeg-js 74ms (from cache)
84 http fetch GET 304 https://registry.npmjs.org/data-uri-to-buffer 79ms (from cache)
85 http fetch GET 304 https://registry.npmjs.org/omggif 79ms (from cache)
86 http fetch GET 304 https://registry.npmjs.org/ndarray 82ms (from cache)
87 http fetch GET 304 https://registry.npmjs.org/ndarray-pack 83ms (from cache)
88 http fetch GET 304 https://registry.npmjs.org/request 80ms (from cache)
89 http fetch GET 304 https://registry.npmjs.org/through 82ms (from cache)
90 http fetch GET 304 https://registry.npmjs.org/pngjs 87ms (from cache)
91 http fetch GET 304 https://registry.npmjs.org/color-string 121ms (from cache)
92 http fetch GET 304 https://registry.npmjs.org/url 108ms (from cache)
93 http fetch GET 304 https://registry.npmjs.org/lodash 111ms (from cache)
94 http fetch GET 304 https://registry.npmjs.org/@types%2fnode 119ms (from cache)
95 http fetch GET 304 https://registry.npmjs.org/@jimp%2fcustom 136ms (from cache)
96 http fetch GET 200 https://registry.npmjs.org/@types%2flodash 138ms
97 http fetch GET 304 https://registry.npmjs.org/@jimp%2fplugin-resize 428ms (from cache)
98 http fetch GET 304 https://registry.npmjs.org/@jimp%2ftypes 466ms (from cache)
99 http fetch GET 304 https://registry.npmjs.org/parse-data-uri 829ms (from cache)
100 timing idealTree:node_modules/ricemood Completed in 861ms
101 silly placeDep node_modules/ricemood @types/color-convert@2.0.0 OK for: @types/color@3.0.1 want: *
102 silly fetch manifest @types/color-name@*
103 http fetch GET 200 https://registry.npmjs.org/@types%2fcolor-name 55ms
104 timing idealTree:node_modules/ricemood/node_modules/@types/color Completed in 61ms
105 silly placeDep node_modules/ricemood @types/color-name@1.1.1 OK for: @types/color-convert@2.0.0 want: *
106 timing idealTree:node_modules/ricemood/node_modules/@types/color-convert Completed in 3ms
107 timing idealTree:node_modules/ricemood/node_modules/@types/color-name Completed in 1ms
108 timing idealTree:node_modules/ricemood/node_modules/@types/ini Completed in 0ms
109 timing idealTree:node_modules/ricemood/node_modules/@types/mime Completed in 0ms
110 silly placeDep node_modules/ricemood color-convert@1.9.3 OK for: color@3.1.3 want: ^1.9.1
111 silly placeDep node_modules/ricemood color-string@1.5.4 OK for: color@3.1.3 want: ^1.5.4
112 silly fetch manifest color-name@1.1.3
113 silly fetch manifest color-name@^1.0.0
114 silly fetch manifest simple-swizzle@^0.2.2
115 http fetch GET 304 https://registry.npmjs.org/simple-swizzle 46ms (from cache)
116 http fetch GET 304 https://registry.npmjs.org/color-name 80ms (from cache)
117 timing idealTree:node_modules/ricemood/node_modules/color Completed in 91ms
118 silly placeDep node_modules/ricemood color-name@1.1.3 OK for: color-convert@1.9.3 want: 1.1.3
119 timing idealTree:node_modules/ricemood/node_modules/color-convert Completed in 4ms
120 timing idealTree:node_modules/ricemood/node_modules/color-name Completed in 0ms
121 silly placeDep node_modules/ricemood simple-swizzle@0.2.2 OK for: color-string@1.5.4 want: ^0.2.2
122 silly fetch manifest is-arrayish@^0.3.1
123 http fetch GET 304 https://registry.npmjs.org/is-arrayish 45ms (from cache)
124 timing idealTree:node_modules/ricemood/node_modules/color-string Completed in 49ms
125 timing idealTree:node_modules/ricemood/node_modules/commander Completed in 0ms
126 silly placeDep node_modules/ricemood data-uri-to-buffer@0.0.3 OK for: get-pixels@3.3.2 want: 0.0.3
127 silly placeDep node_modules/ricemood jpeg-js@0.3.7 OK for: get-pixels@3.3.2 want: ^0.3.2
128 silly placeDep node_modules/ricemood mime-types@2.1.28 OK for: get-pixels@3.3.2 want: ^2.0.1
129 silly placeDep node_modules/ricemood ndarray@1.0.19 OK for: get-pixels@3.3.2 want: ^1.0.13
130 silly placeDep node_modules/ricemood ndarray-pack@1.2.1 OK for: get-pixels@3.3.2 want: ^1.1.1
131 silly placeDep node_modules/ricemood node-bitmap@0.0.1 OK for: get-pixels@3.3.2 want: 0.0.1
132 silly placeDep node_modules/ricemood omggif@1.0.10 OK for: get-pixels@3.3.2 want: ^1.0.5
133 silly placeDep node_modules/ricemood parse-data-uri@0.2.0 OK for: get-pixels@3.3.2 want: ^0.2.0
134 silly placeDep node_modules/ricemood pngjs@3.4.0 OK for: get-pixels@3.3.2 want: ^3.3.3
135 silly placeDep node_modules/ricemood request@2.88.2 OK for: get-pixels@3.3.2 want: ^2.44.0
136 silly placeDep node_modules/ricemood through@2.3.8 OK for: get-pixels@3.3.2 want: ^2.3.4
137 silly fetch manifest mime-db@1.45.0
138 silly fetch manifest iota-array@^1.0.0
139 silly fetch manifest is-buffer@^1.0.2
140 silly fetch manifest cwise-compiler@^1.1.2
141 silly fetch manifest aws-sign2@~0.7.0
142 silly fetch manifest aws4@^1.8.0
143 silly fetch manifest caseless@~0.12.0
144 silly fetch manifest combined-stream@~1.0.6
145 silly fetch manifest extend@~3.0.2
146 silly fetch manifest forever-agent@~0.6.1
147 silly fetch manifest form-data@~2.3.2
148 silly fetch manifest har-validator@~5.1.3
149 silly fetch manifest http-signature@~1.2.0
150 silly fetch manifest is-typedarray@~1.0.0
151 silly fetch manifest isstream@~0.1.2
152 silly fetch manifest json-stringify-safe@~5.0.1
153 silly fetch manifest oauth-sign@~0.9.0
154 silly fetch manifest performance-now@^2.1.0
155 silly fetch manifest qs@~6.5.2
156 silly fetch manifest safe-buffer@^5.1.2
157 silly fetch manifest tough-cookie@~2.5.0
158 silly fetch manifest tunnel-agent@^0.6.0
159 silly fetch manifest uuid@^3.3.2
160 http fetch GET 304 https://registry.npmjs.org/caseless 55ms (from cache)
161 http fetch GET 304 https://registry.npmjs.org/extend 57ms (from cache)
162 http fetch GET 304 https://registry.npmjs.org/aws-sign2 67ms (from cache)
163 http fetch GET 304 https://registry.npmjs.org/combined-stream 71ms (from cache)
164 http fetch GET 304 https://registry.npmjs.org/is-typedarray 67ms (from cache)
165 http fetch GET 304 https://registry.npmjs.org/isstream 67ms (from cache)
166 http fetch GET 304 https://registry.npmjs.org/aws4 75ms (from cache)
167 http fetch GET 304 https://registry.npmjs.org/forever-agent 74ms (from cache)
168 http fetch GET 304 https://registry.npmjs.org/iota-array 86ms (from cache)
169 http fetch GET 304 https://registry.npmjs.org/har-validator 75ms (from cache)
170 http fetch GET 304 https://registry.npmjs.org/mime-db 91ms (from cache)
171 http fetch GET 304 https://registry.npmjs.org/safe-buffer 83ms (from cache)
172 http fetch GET 304 https://registry.npmjs.org/http-signature 90ms (from cache)
173 http fetch GET 304 https://registry.npmjs.org/form-data 92ms (from cache)
174 http fetch GET 304 https://registry.npmjs.org/cwise-compiler 106ms (from cache)
175 http fetch GET 304 https://registry.npmjs.org/qs 94ms (from cache)
176 http fetch GET 304 https://registry.npmjs.org/json-stringify-safe 98ms (from cache)
177 http fetch GET 304 https://registry.npmjs.org/tough-cookie 96ms (from cache)
178 http fetch GET 304 https://registry.npmjs.org/oauth-sign 100ms (from cache)
179 http fetch GET 304 https://registry.npmjs.org/performance-now 101ms (from cache)
180 http fetch GET 304 https://registry.npmjs.org/uuid 101ms (from cache)
181 http fetch GET 304 https://registry.npmjs.org/is-buffer 121ms (from cache)
182 http fetch GET 304 https://registry.npmjs.org/tunnel-agent 107ms (from cache)
183 timing idealTree:node_modules/ricemood/node_modules/get-pixels Completed in 146ms
184 timing idealTree:node_modules/ricemood/node_modules/data-uri-to-buffer Completed in 0ms
185 timing idealTree:node_modules/ricemood/node_modules/ini Completed in 0ms
186 timing idealTree:node_modules/ricemood/node_modules/jpeg-js Completed in 0ms
187 timing idealTree:node_modules/ricemood/node_modules/json-beautify Completed in 0ms
188 timing idealTree:node_modules/ricemood/node_modules/mime Completed in 0ms
189 silly placeDep node_modules/ricemood mime-db@1.45.0 OK for: mime-types@2.1.28 want: 1.45.0
190 timing idealTree:node_modules/ricemood/node_modules/mime-types Completed in 0ms
191 timing idealTree:node_modules/ricemood/node_modules/mime-db Completed in 0ms
192 silly placeDep node_modules/ricemood iota-array@1.0.0 OK for: ndarray@1.0.19 want: ^1.0.0
193 silly placeDep node_modules/ricemood is-buffer@1.1.6 OK for: ndarray@1.0.19 want: ^1.0.2
194 timing idealTree:node_modules/ricemood/node_modules/ndarray Completed in 1ms
195 timing idealTree:node_modules/ricemood/node_modules/iota-array Completed in 0ms
196 timing idealTree:node_modules/ricemood/node_modules/is-buffer Completed in 0ms
197 silly placeDep node_modules/ricemood cwise-compiler@1.1.3 OK for: ndarray-pack@1.2.1 want: ^1.1.2
198 silly fetch manifest uniq@^1.0.0
199 http fetch GET 304 https://registry.npmjs.org/uniq 62ms (from cache)
200 timing idealTree:node_modules/ricemood/node_modules/ndarray-pack Completed in 64ms
201 silly placeDep node_modules/ricemood uniq@1.0.1 OK for: cwise-compiler@1.1.3 want: ^1.0.0
202 timing idealTree:node_modules/ricemood/node_modules/cwise-compiler Completed in 1ms
203 timing idealTree:node_modules/ricemood/node_modules/node-bitmap Completed in 0ms
204 silly placeDep node_modules/ricemood @jimp/custom@0.16.1 OK for: node-vibrant@3.1.6 want: ^0.16.1
205 silly placeDep node_modules/ricemood @jimp/plugin-resize@0.16.1 OK for: node-vibrant@3.1.6 want: ^0.16.1
206 silly placeDep node_modules/ricemood @jimp/types@0.16.1 OK for: node-vibrant@3.1.6 want: ^0.16.1
207 silly placeDep node_modules/ricemood @types/lodash@4.14.168 OK for: node-vibrant@3.1.6 want: ^4.14.53
208 silly placeDep node_modules/ricemood @types/node@10.17.52 OK for: node-vibrant@3.1.6 want: ^10.11.7
209 silly placeDep node_modules/ricemood lodash@4.17.20 OK for: node-vibrant@3.1.6 want: ^4.17.20
210 silly placeDep node_modules/ricemood url@0.11.0 OK for: node-vibrant@3.1.6 want: ^0.11.0
211 silly fetch manifest @babel/runtime@^7.7.2
212 silly fetch manifest @jimp/core@^0.16.1
213 silly fetch manifest @jimp/utils@^0.16.1
214 silly fetch manifest @jimp/bmp@^0.16.1
215 silly fetch manifest @jimp/gif@^0.16.1
216 silly fetch manifest @jimp/jpeg@^0.16.1
217 silly fetch manifest @jimp/png@^0.16.1
218 silly fetch manifest @jimp/tiff@^0.16.1
219 silly fetch manifest timm@^1.6.1
220 silly fetch manifest punycode@1.3.2
221 silly fetch manifest querystring@0.2.0
222 http fetch GET 304 https://registry.npmjs.org/querystring 56ms (from cache)
223 http fetch GET 304 https://registry.npmjs.org/timm 64ms (from cache)
224 http fetch GET 304 https://registry.npmjs.org/@jimp%2fcore 90ms (from cache)
225 http fetch GET 304 https://registry.npmjs.org/punycode 86ms (from cache)
226 http fetch GET 304 https://registry.npmjs.org/@babel%2fruntime 105ms (from cache)
227 http fetch GET 304 https://registry.npmjs.org/@jimp%2fgif 362ms (from cache)
228 http fetch GET 304 https://registry.npmjs.org/@jimp%2fbmp 364ms (from cache)
229 http fetch GET 304 https://registry.npmjs.org/@jimp%2futils 371ms (from cache)
230 http fetch GET 304 https://registry.npmjs.org/@jimp%2ftiff 368ms (from cache)
231 http fetch GET 304 https://registry.npmjs.org/@jimp%2fjpeg 372ms (from cache)
232 http fetch GET 304 https://registry.npmjs.org/@jimp%2fpng 427ms (from cache)
233 timing idealTree:node_modules/ricemood/node_modules/node-vibrant Completed in 443ms
234 silly placeDep node_modules/ricemood @babel/runtime@7.12.13 OK for: @jimp/custom@0.16.1 want: ^7.7.2
235 silly placeDep node_modules/ricemood @jimp/core@0.16.1 OK for: @jimp/custom@0.16.1 want: ^0.16.1
236 silly fetch manifest regenerator-runtime@^0.13.4
237 silly fetch manifest any-base@^1.1.0
238 silly fetch manifest buffer@^5.2.0
239 silly fetch manifest exif-parser@^0.1.12
240 silly fetch manifest file-type@^9.0.0
241 silly fetch manifest load-bmfont@^1.3.1
242 silly fetch manifest mkdirp@^0.5.1
243 silly fetch manifest phin@^2.9.1
244 silly fetch manifest pixelmatch@^4.0.2
245 silly fetch manifest tinycolor2@^1.4.1
246 http fetch GET 304 https://registry.npmjs.org/any-base 62ms (from cache)
247 http fetch GET 304 https://registry.npmjs.org/file-type 57ms (from cache)
248 http fetch GET 304 https://registry.npmjs.org/regenerator-runtime 74ms (from cache)
249 http fetch GET 304 https://registry.npmjs.org/buffer 69ms (from cache)
250 http fetch GET 304 https://registry.npmjs.org/tinycolor2 59ms (from cache)
251 http fetch GET 304 https://registry.npmjs.org/mkdirp 91ms (from cache)
252 http fetch GET 304 https://registry.npmjs.org/exif-parser 787ms (from cache)
253 http fetch GET 304 https://registry.npmjs.org/pixelmatch 803ms (from cache)
254 http fetch GET 304 https://registry.npmjs.org/load-bmfont 818ms (from cache)
255 http fetch GET 304 https://registry.npmjs.org/phin 854ms (from cache)
256 timing idealTree:node_modules/ricemood/node_modules/@jimp/custom Completed in 884ms
257 silly placeDep node_modules/ricemood regenerator-runtime@0.13.7 OK for: @babel/runtime@7.12.13 want: ^0.13.4
258 timing idealTree:node_modules/ricemood/node_modules/@babel/runtime Completed in 3ms
259 silly placeDep node_modules/ricemood @jimp/utils@0.16.1 OK for: @jimp/core@0.16.1 want: ^0.16.1
260 silly placeDep node_modules/ricemood any-base@1.1.0 OK for: @jimp/core@0.16.1 want: ^1.1.0
261 silly placeDep node_modules/ricemood buffer@5.7.1 OK for: @jimp/core@0.16.1 want: ^5.2.0
262 silly placeDep node_modules/ricemood exif-parser@0.1.12 OK for: @jimp/core@0.16.1 want: ^0.1.12
263 silly placeDep node_modules/ricemood file-type@9.0.0 OK for: @jimp/core@0.16.1 want: ^9.0.0
264 silly placeDep node_modules/ricemood load-bmfont@1.4.1 OK for: @jimp/core@0.16.1 want: ^1.3.1
265 silly placeDep node_modules/ricemood mkdirp@0.5.5 OK for: @jimp/core@0.16.1 want: ^0.5.1
266 silly placeDep node_modules/ricemood phin@2.9.3 OK for: @jimp/core@0.16.1 want: ^2.9.1
267 silly placeDep node_modules/ricemood pixelmatch@4.0.2 OK for: @jimp/core@0.16.1 want: ^4.0.2
268 silly placeDep node_modules/ricemood tinycolor2@1.4.2 OK for: @jimp/core@0.16.1 want: ^1.4.1
269 silly fetch manifest base64-js@^1.3.1
270 silly fetch manifest ieee754@^1.1.13
271 silly fetch manifest buffer-equal@0.0.1
272 silly fetch manifest mime@^1.3.4
273 silly fetch manifest parse-bmfont-ascii@^1.0.3
274 silly fetch manifest parse-bmfont-binary@^1.0.5
275 silly fetch manifest parse-bmfont-xml@^1.1.4
276 silly fetch manifest xhr@^2.0.1
277 silly fetch manifest xtend@^4.0.0
278 silly fetch manifest minimist@^1.2.5
279 http fetch GET 304 https://registry.npmjs.org/ieee754 55ms (from cache)
280 http fetch GET 304 https://registry.npmjs.org/xtend 51ms (from cache)
281 http fetch GET 304 https://registry.npmjs.org/base64-js 91ms (from cache)
282 http fetch GET 304 https://registry.npmjs.org/minimist 82ms (from cache)
283 http fetch GET 304 https://registry.npmjs.org/buffer-equal 92ms (from cache)
284 http fetch GET 304 https://registry.npmjs.org/parse-bmfont-binary 782ms (from cache)
285 http fetch GET 304 https://registry.npmjs.org/xhr 781ms (from cache)
286 http fetch GET 304 https://registry.npmjs.org/parse-bmfont-ascii 785ms (from cache)
287 http fetch GET 304 https://registry.npmjs.org/parse-bmfont-xml 792ms (from cache)
288 timing idealTree:node_modules/ricemood/node_modules/@jimp/core Completed in 815ms
289 timing idealTree:node_modules/ricemood/node_modules/@jimp/plugin-resize Completed in 0ms
290 silly fetch manifest @jimp/custom@>=0.3.5
291 silly placeDep node_modules/ricemood @jimp/bmp@0.16.1 OK for: @jimp/types@0.16.1 want: ^0.16.1
292 silly placeDep node_modules/ricemood @jimp/gif@0.16.1 OK for: @jimp/types@0.16.1 want: ^0.16.1
293 silly placeDep node_modules/ricemood @jimp/jpeg@0.16.1 OK for: @jimp/types@0.16.1 want: ^0.16.1
294 silly placeDep node_modules/ricemood @jimp/png@0.16.1 OK for: @jimp/types@0.16.1 want: ^0.16.1
295 silly placeDep node_modules/ricemood @jimp/tiff@0.16.1 OK for: @jimp/types@0.16.1 want: ^0.16.1
296 silly placeDep node_modules/ricemood timm@1.7.1 OK for: @jimp/types@0.16.1 want: ^1.6.1
297 silly fetch manifest bmp-js@^0.1.0
298 silly fetch manifest gifwrap@^0.9.2
299 silly fetch manifest jpeg-js@0.4.2
300 silly fetch manifest utif@^2.0.1
301 http fetch GET 304 https://registry.npmjs.org/utif 44ms (from cache)
302 http fetch GET 304 https://registry.npmjs.org/gifwrap 53ms (from cache)
303 http fetch GET 304 https://registry.npmjs.org/bmp-js 799ms (from cache)
304 timing idealTree:node_modules/ricemood/node_modules/@jimp/types Completed in 809ms
305 silly placeDep node_modules/ricemood bmp-js@0.1.0 OK for: @jimp/bmp@0.16.1 want: ^0.1.0
306 timing idealTree:node_modules/ricemood/node_modules/@jimp/bmp Completed in 3ms
307 silly placeDep node_modules/ricemood gifwrap@0.9.2 OK for: @jimp/gif@0.16.1 want: ^0.9.2
308 silly fetch manifest image-q@^1.1.1
309 http fetch GET 304 https://registry.npmjs.org/image-q 75ms (from cache)
310 timing idealTree:node_modules/ricemood/node_modules/@jimp/gif Completed in 81ms
311 silly placeDep node_modules/ricemood/node_modules/@jimp/jpeg jpeg-js@0.4.2 OK for: @jimp/jpeg@0.16.1 want: 0.4.2
312 timing idealTree:node_modules/ricemood/node_modules/@jimp/jpeg Completed in 1ms
313 timing idealTree:node_modules/ricemood/node_modules/@jimp/png Completed in 0ms
314 silly placeDep node_modules/ricemood utif@2.0.1 OK for: @jimp/tiff@0.16.1 want: ^2.0.1
315 silly fetch manifest pako@^1.0.5
316 http fetch GET 304 https://registry.npmjs.org/pako 53ms (from cache)
317 timing idealTree:node_modules/ricemood/node_modules/@jimp/tiff Completed in 57ms
318 timing idealTree:node_modules/ricemood/node_modules/@jimp/utils Completed in 0ms
319 timing idealTree:node_modules/ricemood/node_modules/@types/lodash Completed in 0ms
320 timing idealTree:node_modules/ricemood/node_modules/@types/node Completed in 0ms
321 timing idealTree:node_modules/ricemood/node_modules/any-base Completed in 0ms
322 timing idealTree:node_modules/ricemood/node_modules/bmp-js Completed in 0ms
323 silly placeDep node_modules/ricemood base64-js@1.5.1 OK for: buffer@5.7.1 want: ^1.3.1
324 silly placeDep node_modules/ricemood ieee754@1.2.1 OK for: buffer@5.7.1 want: ^1.1.13
325 timing idealTree:node_modules/ricemood/node_modules/buffer Completed in 5ms
326 timing idealTree:node_modules/ricemood/node_modules/base64-js Completed in 0ms
327 timing idealTree:node_modules/ricemood/node_modules/exif-parser Completed in 0ms
328 timing idealTree:node_modules/ricemood/node_modules/file-type Completed in 0ms
329 silly placeDep node_modules/ricemood image-q@1.1.1 OK for: gifwrap@0.9.2 want: ^1.1.1
330 timing idealTree:node_modules/ricemood/node_modules/gifwrap Completed in 2ms
331 timing idealTree:node_modules/ricemood/node_modules/ieee754 Completed in 0ms
332 timing idealTree:node_modules/ricemood/node_modules/image-q Completed in 0ms
333 silly placeDep node_modules/ricemood buffer-equal@0.0.1 OK for: load-bmfont@1.4.1 want: 0.0.1
334 silly placeDep node_modules/ricemood/node_modules/load-bmfont mime@1.6.0 OK for: load-bmfont@1.4.1 want: ^1.3.4
335 silly placeDep node_modules/ricemood parse-bmfont-ascii@1.0.6 OK for: load-bmfont@1.4.1 want: ^1.0.3
336 silly placeDep node_modules/ricemood parse-bmfont-binary@1.0.6 OK for: load-bmfont@1.4.1 want: ^1.0.5
337 silly placeDep node_modules/ricemood parse-bmfont-xml@1.1.4 OK for: load-bmfont@1.4.1 want: ^1.1.4
338 silly placeDep node_modules/ricemood xhr@2.6.0 OK for: load-bmfont@1.4.1 want: ^2.0.1
339 silly placeDep node_modules/ricemood xtend@4.0.2 OK for: load-bmfont@1.4.1 want: ^4.0.0
340 silly fetch manifest xml-parse-from-string@^1.0.0
341 silly fetch manifest xml2js@^0.4.5
342 silly fetch manifest global@~4.4.0
343 silly fetch manifest is-function@^1.0.1
344 silly fetch manifest parse-headers@^2.0.0
345 http fetch GET 304 https://registry.npmjs.org/global 49ms (from cache)
346 http fetch GET 304 https://registry.npmjs.org/is-function 52ms (from cache)
347 http fetch GET 304 https://registry.npmjs.org/xml2js 59ms (from cache)
348 http fetch GET 304 https://registry.npmjs.org/xml-parse-from-string 772ms (from cache)
349 http fetch GET 304 https://registry.npmjs.org/parse-headers 775ms (from cache)
350 timing idealTree:node_modules/ricemood/node_modules/load-bmfont Completed in 793ms
351 timing idealTree:node_modules/ricemood/node_modules/buffer-equal Completed in 0ms
352 timing idealTree:node_modules/ricemood/node_modules/lodash Completed in 0ms
353 silly placeDep node_modules/ricemood minimist@1.2.5 OK for: mkdirp@0.5.5 want: ^1.2.5
354 timing idealTree:node_modules/ricemood/node_modules/mkdirp Completed in 0ms
355 timing idealTree:node_modules/ricemood/node_modules/minimist Completed in 0ms
356 timing idealTree:node_modules/ricemood/node_modules/omggif Completed in 0ms
357 timing idealTree:node_modules/ricemood/node_modules/parse-bmfont-ascii Completed in 0ms
358 timing idealTree:node_modules/ricemood/node_modules/parse-bmfont-binary Completed in 0ms
359 silly placeDep node_modules/ricemood xml-parse-from-string@1.0.1 OK for: parse-bmfont-xml@1.1.4 want: ^1.0.0
360 silly placeDep node_modules/ricemood xml2js@0.4.23 OK for: parse-bmfont-xml@1.1.4 want: ^0.4.5
361 silly fetch manifest sax@>=0.6.0
362 silly fetch manifest xmlbuilder@~11.0.0
363 http fetch GET 304 https://registry.npmjs.org/xmlbuilder 36ms (from cache)
364 http fetch GET 304 https://registry.npmjs.org/sax 76ms (from cache)
365 timing idealTree:node_modules/ricemood/node_modules/parse-bmfont-xml Completed in 78ms
366 timing idealTree:node_modules/ricemood/node_modules/parse-data-uri Completed in 1ms
367 timing idealTree:node_modules/ricemood/node_modules/phin Completed in 0ms
368 timing idealTree:node_modules/ricemood/node_modules/pixelmatch Completed in 0ms
369 timing idealTree:node_modules/ricemood/node_modules/pngjs Completed in 0ms
370 timing idealTree:node_modules/ricemood/node_modules/regenerator-runtime Completed in 0ms
371 silly placeDep node_modules/ricemood aws-sign2@0.7.0 OK for: request@2.88.2 want: ~0.7.0
372 silly placeDep node_modules/ricemood aws4@1.11.0 OK for: request@2.88.2 want: ^1.8.0
373 silly placeDep node_modules/ricemood caseless@0.12.0 OK for: request@2.88.2 want: ~0.12.0
374 silly placeDep node_modules/ricemood combined-stream@1.0.8 OK for: request@2.88.2 want: ~1.0.6
375 silly placeDep node_modules/ricemood extend@3.0.2 OK for: request@2.88.2 want: ~3.0.2
376 silly placeDep node_modules/ricemood forever-agent@0.6.1 OK for: request@2.88.2 want: ~0.6.1
377 silly placeDep node_modules/ricemood form-data@2.3.3 OK for: request@2.88.2 want: ~2.3.2
378 silly placeDep node_modules/ricemood har-validator@5.1.5 OK for: request@2.88.2 want: ~5.1.3
379 silly placeDep node_modules/ricemood http-signature@1.2.0 OK for: request@2.88.2 want: ~1.2.0
380 silly placeDep node_modules/ricemood is-typedarray@1.0.0 OK for: request@2.88.2 want: ~1.0.0
381 silly placeDep node_modules/ricemood isstream@0.1.2 OK for: request@2.88.2 want: ~0.1.2
382 silly placeDep node_modules/ricemood json-stringify-safe@5.0.1 OK for: request@2.88.2 want: ~5.0.1
383 silly placeDep node_modules/ricemood oauth-sign@0.9.0 OK for: request@2.88.2 want: ~0.9.0
384 silly placeDep node_modules/ricemood performance-now@2.1.0 OK for: request@2.88.2 want: ^2.1.0
385 silly placeDep node_modules/ricemood qs@6.5.2 OK for: request@2.88.2 want: ~6.5.2
386 silly placeDep node_modules/ricemood safe-buffer@5.2.1 OK for: request@2.88.2 want: ^5.1.2
387 silly placeDep node_modules/ricemood tough-cookie@2.5.0 OK for: request@2.88.2 want: ~2.5.0
388 silly placeDep node_modules/ricemood tunnel-agent@0.6.0 OK for: request@2.88.2 want: ^0.6.0
389 silly placeDep node_modules/ricemood uuid@3.4.0 OK for: request@2.88.2 want: ^3.3.2
390 silly fetch manifest delayed-stream@~1.0.0
391 silly fetch manifest asynckit@^0.4.0
392 silly fetch manifest ajv@^6.12.3
393 silly fetch manifest har-schema@^2.0.0
394 silly fetch manifest assert-plus@^1.0.0
395 silly fetch manifest jsprim@^1.2.2
396 silly fetch manifest sshpk@^1.7.0
397 silly fetch manifest psl@^1.1.28
398 silly fetch manifest punycode@^2.1.1
399 http fetch GET 304 https://registry.npmjs.org/assert-plus 72ms (from cache)
400 http fetch GET 304 https://registry.npmjs.org/psl 69ms (from cache)
401 http fetch GET 304 https://registry.npmjs.org/delayed-stream 79ms (from cache)
402 http fetch GET 304 https://registry.npmjs.org/sshpk 75ms (from cache)
403 http fetch GET 304 https://registry.npmjs.org/jsprim 77ms (from cache)
404 http fetch GET 304 https://registry.npmjs.org/asynckit 81ms (from cache)
405 http fetch GET 304 https://registry.npmjs.org/har-schema 81ms (from cache)
406 http fetch GET 304 https://registry.npmjs.org/ajv 83ms (from cache)
407 timing idealTree:node_modules/ricemood/node_modules/request Completed in 95ms
408 timing idealTree:node_modules/ricemood/node_modules/aws-sign2 Completed in 0ms
409 timing idealTree:node_modules/ricemood/node_modules/aws4 Completed in 0ms
410 timing idealTree:node_modules/ricemood/node_modules/caseless Completed in 0ms
411 silly placeDep node_modules/ricemood delayed-stream@1.0.0 OK for: combined-stream@1.0.8 want: ~1.0.0
412 timing idealTree:node_modules/ricemood/node_modules/combined-stream Completed in 1ms
413 timing idealTree:node_modules/ricemood/node_modules/delayed-stream Completed in 0ms
414 timing idealTree:node_modules/ricemood/node_modules/extend Completed in 0ms
415 timing idealTree:node_modules/ricemood/node_modules/forever-agent Completed in 0ms
416 silly placeDep node_modules/ricemood asynckit@0.4.0 OK for: form-data@2.3.3 want: ^0.4.0
417 timing idealTree:node_modules/ricemood/node_modules/form-data Completed in 0ms
418 timing idealTree:node_modules/ricemood/node_modules/asynckit Completed in 0ms
419 silly placeDep node_modules/ricemood ajv@6.12.6 OK for: har-validator@5.1.5 want: ^6.12.3
420 silly placeDep node_modules/ricemood har-schema@2.0.0 OK for: har-validator@5.1.5 want: ^2.0.0
421 silly fetch manifest fast-deep-equal@^3.1.1
422 silly fetch manifest fast-json-stable-stringify@^2.0.0
423 silly fetch manifest json-schema-traverse@^0.4.1
424 silly fetch manifest uri-js@^4.2.2
425 http fetch GET 304 https://registry.npmjs.org/fast-deep-equal 43ms (from cache)
426 http fetch GET 304 https://registry.npmjs.org/json-schema-traverse 47ms (from cache)
427 http fetch GET 304 https://registry.npmjs.org/uri-js 60ms (from cache)
428 http fetch GET 304 https://registry.npmjs.org/fast-json-stable-stringify 67ms (from cache)
429 timing idealTree:node_modules/ricemood/node_modules/har-validator Completed in 68ms
430 silly placeDep node_modules/ricemood fast-deep-equal@3.1.3 OK for: ajv@6.12.6 want: ^3.1.1
431 silly placeDep node_modules/ricemood fast-json-stable-stringify@2.1.0 OK for: ajv@6.12.6 want: ^2.0.0
432 silly placeDep node_modules/ricemood json-schema-traverse@0.4.1 OK for: ajv@6.12.6 want: ^0.4.1
433 silly placeDep node_modules/ricemood uri-js@4.4.1 OK for: ajv@6.12.6 want: ^4.2.2
434 silly fetch manifest punycode@^2.1.0
435 timing idealTree:node_modules/ricemood/node_modules/ajv Completed in 5ms
436 timing idealTree:node_modules/ricemood/node_modules/fast-deep-equal Completed in 0ms
437 timing idealTree:node_modules/ricemood/node_modules/fast-json-stable-stringify Completed in 0ms
438 timing idealTree:node_modules/ricemood/node_modules/har-schema Completed in 0ms
439 silly placeDep node_modules/ricemood assert-plus@1.0.0 OK for: http-signature@1.2.0 want: ^1.0.0
440 silly placeDep node_modules/ricemood jsprim@1.4.1 OK for: http-signature@1.2.0 want: ^1.2.2
441 silly placeDep node_modules/ricemood sshpk@1.16.1 OK for: http-signature@1.2.0 want: ^1.7.0
442 silly fetch manifest extsprintf@1.3.0
443 silly fetch manifest json-schema@0.2.3
444 silly fetch manifest verror@1.10.0
445 silly fetch manifest asn1@~0.2.3
446 silly fetch manifest dashdash@^1.12.0
447 silly fetch manifest getpass@^0.1.1
448 silly fetch manifest safer-buffer@^2.0.2
449 silly fetch manifest jsbn@~0.1.0
450 silly fetch manifest tweetnacl@~0.14.0
451 silly fetch manifest ecc-jsbn@~0.1.1
452 silly fetch manifest bcrypt-pbkdf@^1.0.0
453 http fetch GET 304 https://registry.npmjs.org/json-schema 62ms (from cache)
454 http fetch GET 304 https://registry.npmjs.org/asn1 67ms (from cache)
455 http fetch GET 304 https://registry.npmjs.org/ecc-jsbn 67ms (from cache)
456 http fetch GET 304 https://registry.npmjs.org/dashdash 72ms (from cache)
457 http fetch GET 304 https://registry.npmjs.org/extsprintf 78ms (from cache)
458 http fetch GET 304 https://registry.npmjs.org/verror 79ms (from cache)
459 http fetch GET 304 https://registry.npmjs.org/safer-buffer 76ms (from cache)
460 http fetch GET 304 https://registry.npmjs.org/bcrypt-pbkdf 73ms (from cache)
461 http fetch GET 304 https://registry.npmjs.org/getpass 79ms (from cache)
462 http fetch GET 304 https://registry.npmjs.org/tweetnacl 78ms (from cache)
463 http fetch GET 304 https://registry.npmjs.org/jsbn 82ms (from cache)
464 timing idealTree:node_modules/ricemood/node_modules/http-signature Completed in 93ms
465 timing idealTree:node_modules/ricemood/node_modules/assert-plus Completed in 0ms
466 timing idealTree:node_modules/ricemood/node_modules/is-typedarray Completed in 0ms
467 timing idealTree:node_modules/ricemood/node_modules/isstream Completed in 0ms
468 timing idealTree:node_modules/ricemood/node_modules/json-schema-traverse Completed in 0ms
469 timing idealTree:node_modules/ricemood/node_modules/json-stringify-safe Completed in 0ms
470 silly placeDep node_modules/ricemood extsprintf@1.3.0 OK for: jsprim@1.4.1 want: 1.3.0
471 silly placeDep node_modules/ricemood json-schema@0.2.3 OK for: jsprim@1.4.1 want: 0.2.3
472 silly placeDep node_modules/ricemood verror@1.10.0 OK for: jsprim@1.4.1 want: 1.10.0
473 silly fetch manifest core-util-is@1.0.2
474 http fetch GET 304 https://registry.npmjs.org/core-util-is 47ms (from cache)
475 timing idealTree:node_modules/ricemood/node_modules/jsprim Completed in 53ms
476 timing idealTree:node_modules/ricemood/node_modules/extsprintf Completed in 0ms
477 timing idealTree:node_modules/ricemood/node_modules/json-schema Completed in 0ms
478 timing idealTree:node_modules/ricemood/node_modules/oauth-sign Completed in 0ms
479 timing idealTree:node_modules/ricemood/node_modules/performance-now Completed in 0ms
480 timing idealTree:node_modules/ricemood/node_modules/qs Completed in 0ms
481 timing idealTree:node_modules/ricemood/node_modules/safe-buffer Completed in 0ms
482 silly placeDep node_modules/ricemood is-arrayish@0.3.2 OK for: simple-swizzle@0.2.2 want: ^0.3.1
483 timing idealTree:node_modules/ricemood/node_modules/simple-swizzle Completed in 2ms
484 timing idealTree:node_modules/ricemood/node_modules/is-arrayish Completed in 0ms
485 silly placeDep node_modules/ricemood asn1@0.2.4 OK for: sshpk@1.16.1 want: ~0.2.3
486 silly placeDep node_modules/ricemood bcrypt-pbkdf@1.0.2 OK for: sshpk@1.16.1 want: ^1.0.0
487 silly placeDep node_modules/ricemood dashdash@1.14.1 OK for: sshpk@1.16.1 want: ^1.12.0
488 silly placeDep node_modules/ricemood ecc-jsbn@0.1.2 OK for: sshpk@1.16.1 want: ~0.1.1
489 silly placeDep node_modules/ricemood getpass@0.1.7 OK for: sshpk@1.16.1 want: ^0.1.1
490 silly placeDep node_modules/ricemood jsbn@0.1.1 OK for: sshpk@1.16.1 want: ~0.1.0
491 silly placeDep node_modules/ricemood safer-buffer@2.1.2 OK for: sshpk@1.16.1 want: ^2.0.2
492 silly placeDep node_modules/ricemood tweetnacl@0.14.5 OK for: sshpk@1.16.1 want: ~0.14.0
493 timing idealTree:node_modules/ricemood/node_modules/sshpk Completed in 17ms
494 timing idealTree:node_modules/ricemood/node_modules/asn1 Completed in 0ms
495 timing idealTree:node_modules/ricemood/node_modules/bcrypt-pbkdf Completed in 0ms
496 timing idealTree:node_modules/ricemood/node_modules/dashdash Completed in 0ms
497 timing idealTree:node_modules/ricemood/node_modules/ecc-jsbn Completed in 0ms
498 timing idealTree:node_modules/ricemood/node_modules/getpass Completed in 0ms
499 timing idealTree:node_modules/ricemood/node_modules/jsbn Completed in 0ms
500 timing idealTree:node_modules/ricemood/node_modules/safer-buffer Completed in 0ms
501 timing idealTree:node_modules/ricemood/node_modules/through Completed in 0ms
502 timing idealTree:node_modules/ricemood/node_modules/timm Completed in 0ms
503 timing idealTree:node_modules/ricemood/node_modules/tinycolor2 Completed in 0ms
504 silly placeDep node_modules/ricemood psl@1.8.0 OK for: tough-cookie@2.5.0 want: ^1.1.28
505 silly placeDep node_modules/ricemood punycode@2.1.1 OK for: tough-cookie@2.5.0 want: ^2.1.1
506 timing idealTree:node_modules/ricemood/node_modules/tough-cookie Completed in 1ms
507 timing idealTree:node_modules/ricemood/node_modules/psl Completed in 0ms
508 timing idealTree:node_modules/ricemood/node_modules/punycode Completed in 0ms
509 timing idealTree:node_modules/ricemood/node_modules/tunnel-agent Completed in 0ms
510 timing idealTree:node_modules/ricemood/node_modules/tweetnacl Completed in 0ms
511 timing idealTree:node_modules/ricemood/node_modules/uniq Completed in 0ms
512 timing idealTree:node_modules/ricemood/node_modules/uri-js Completed in 0ms
513 silly placeDep node_modules/ricemood/node_modules/url punycode@1.3.2 OK for: url@0.11.0 want: 1.3.2
514 silly placeDep node_modules/ricemood querystring@0.2.0 OK for: url@0.11.0 want: 0.2.0
515 timing idealTree:node_modules/ricemood/node_modules/url Completed in 1ms
516 timing idealTree:node_modules/ricemood/node_modules/querystring Completed in 0ms
517 silly placeDep node_modules/ricemood pako@1.0.11 OK for: utif@2.0.1 want: ^1.0.5
518 timing idealTree:node_modules/ricemood/node_modules/utif Completed in 1ms
519 timing idealTree:node_modules/ricemood/node_modules/pako Completed in 0ms
520 timing idealTree:node_modules/ricemood/node_modules/uuid Completed in 0ms
521 silly placeDep node_modules/ricemood core-util-is@1.0.2 OK for: verror@1.10.0 want: 1.0.2
522 timing idealTree:node_modules/ricemood/node_modules/verror Completed in 0ms
523 timing idealTree:node_modules/ricemood/node_modules/core-util-is Completed in 0ms
524 silly placeDep node_modules/ricemood global@4.4.0 OK for: xhr@2.6.0 want: ~4.4.0
525 silly placeDep node_modules/ricemood is-function@1.0.2 OK for: xhr@2.6.0 want: ^1.0.1
526 silly placeDep node_modules/ricemood parse-headers@2.0.3 OK for: xhr@2.6.0 want: ^2.0.0
527 silly fetch manifest min-document@^2.19.0
528 silly fetch manifest process@^0.11.10
529 http fetch GET 304 https://registry.npmjs.org/process 55ms (from cache)
530 http fetch GET 304 https://registry.npmjs.org/min-document 64ms (from cache)
531 timing idealTree:node_modules/ricemood/node_modules/xhr Completed in 69ms
532 silly placeDep node_modules/ricemood min-document@2.19.0 OK for: global@4.4.0 want: ^2.19.0
533 silly placeDep node_modules/ricemood process@0.11.10 OK for: global@4.4.0 want: ^0.11.10
534 silly fetch manifest dom-walk@^0.1.0
535 http fetch GET 304 https://registry.npmjs.org/dom-walk 74ms (from cache)
536 timing idealTree:node_modules/ricemood/node_modules/global Completed in 78ms
537 timing idealTree:node_modules/ricemood/node_modules/is-function Completed in 0ms
538 silly placeDep node_modules/ricemood dom-walk@0.1.2 OK for: min-document@2.19.0 want: ^0.1.0
539 timing idealTree:node_modules/ricemood/node_modules/min-document Completed in 2ms
540 timing idealTree:node_modules/ricemood/node_modules/dom-walk Completed in 0ms
541 timing idealTree:node_modules/ricemood/node_modules/parse-headers Completed in 0ms
542 timing idealTree:node_modules/ricemood/node_modules/process Completed in 0ms
543 timing idealTree:node_modules/ricemood/node_modules/xml-parse-from-string Completed in 0ms
544 silly placeDep node_modules/ricemood sax@1.2.4 OK for: xml2js@0.4.23 want: >=0.6.0
545 silly placeDep node_modules/ricemood xmlbuilder@11.0.1 OK for: xml2js@0.4.23 want: ~11.0.0
546 timing idealTree:node_modules/ricemood/node_modules/xml2js Completed in 4ms
547 timing idealTree:node_modules/ricemood/node_modules/sax Completed in 0ms
548 timing idealTree:node_modules/ricemood/node_modules/xmlbuilder Completed in 0ms
549 timing idealTree:node_modules/ricemood/node_modules/xtend Completed in 0ms
550 timing idealTree:node_modules/ricemood/node_modules/@jimp/jpeg/node_modules/jpeg-js Completed in 0ms
551 timing idealTree:node_modules/ricemood/node_modules/load-bmfont/node_modules/mime Completed in 0ms
552 timing idealTree:node_modules/ricemood/node_modules/url/node_modules/punycode Completed in 0ms
553 timing idealTree:buildDeps Completed in 7542ms
554 timing idealTree:fixDepFlags Completed in 6ms
555 timing idealTree Completed in 7562ms
556 timing reify:loadTrees Completed in 7699ms
557 timing reify:diffTrees Completed in 3ms
558 silly reify mark retired [ '/usr/lib/node_modules/ricemood', '/usr/bin/ricemood' ]
559 silly reify moves {
559 silly reify   '/usr/lib/node_modules/ricemood': '/usr/lib/node_modules/.ricemood-0P58sZIz',
559 silly reify   '/usr/bin/ricemood': '/usr/bin/.ricemood-8xulqA30'
559 silly reify }
560 timing reify:rollback:retireShallow Completed in 0ms
561 timing command:install Completed in 7710ms
562 verbose stack Error: EACCES: permission denied, rename '/usr/lib/node_modules/ricemood' -> '/usr/lib/node_modules/.ricemood-0P58sZIz'
563 verbose cwd /home/dean
564 verbose Linux 5.9.16-1-MANJARO
565 verbose argv "/usr/bin/node" "/usr/bin/npm" "install" "-g" "ricemood"
566 verbose node v15.8.0
567 verbose npm  v7.5.3
568 error code EACCES
569 error syscall rename
570 error path /usr/lib/node_modules/ricemood
571 error dest /usr/lib/node_modules/.ricemood-0P58sZIz
572 error errno -13
573 error Error: EACCES: permission denied, rename '/usr/lib/node_modules/ricemood' -> '/usr/lib/node_modules/.ricemood-0P58sZIz'
573 error  [Error: EACCES: permission denied, rename '/usr/lib/node_modules/ricemood' -> '/usr/lib/node_modules/.ricemood-0P58sZIz'] {
573 error   errno: -13,
573 error   code: 'EACCES',
573 error   syscall: 'rename',
573 error   path: '/usr/lib/node_modules/ricemood',
573 error   dest: '/usr/lib/node_modules/.ricemood-0P58sZIz'
573 error }
574 error The operation was rejected by your operating system.
574 error It is likely you do not have the permissions to access this file as the current user
574 error
574 error If you believe this might be a permissions issue, please double-check the
574 error permissions of the file and its containing directories, or try running
574 error the command again as root/Administrator.
575 verbose exit -13
