0 verbose cli [ '/usr/bin/node', '/usr/bin/npm', 'uninstall', '-g', 'ascii-tarot' ]
1 info using npm@7.5.3
2 info using node@v15.8.0
3 timing config:load:defaults Completed in 0ms
4 timing config:load:file:/usr/lib/node_modules/npm/npmrc Completed in 1ms
5 timing config:load:builtin Completed in 1ms
6 timing config:load:cli Completed in 1ms
7 timing config:load:env Completed in 1ms
8 timing config:load:file:/home/dean/scripts/tarot/.npmrc Completed in 0ms
9 timing config:load:project Completed in 0ms
10 timing config:load:file:/home/dean/.npmrc Completed in 0ms
11 timing config:load:user Completed in 0ms
12 timing config:load:file:/usr/etc/npmrc Completed in 1ms
13 timing config:load:global Completed in 1ms
14 timing config:load:cafile Completed in 0ms
15 timing config:load:validate Completed in 0ms
16 timing config:load:setUserAgent Completed in 0ms
17 timing config:load:setEnvs Completed in 0ms
18 timing config:load Completed in 4ms
19 verbose npm-session 4c442d083d9ef080
20 timing npm:load Completed in 9ms
21 timing arborist:ctor Completed in 0ms
22 timing idealTree:init Completed in 5ms
23 timing idealTree:userRequests Completed in 0ms
24 silly idealTree buildDeps
25 timing idealTree:#root Completed in 0ms
26 timing idealTree:buildDeps Completed in 1ms
27 timing idealTree:fixDepFlags Completed in 0ms
28 timing idealTree Completed in 6ms
29 timing reify:loadTrees Completed in 28ms
30 silly reify mark deleted [ '/usr/lib/node_modules/ascii-tarot', '/usr/bin/ascii-tarot' ]
31 silly reify mark deleted [ '/usr/lib/node_modules/ascii-tarot/node_modules/ansi-escapes' ]
32 silly reify mark deleted [ '/usr/lib/node_modules/ascii-tarot/node_modules/ansi-regex' ]
33 silly reify mark deleted [ '/usr/lib/node_modules/ascii-tarot/node_modules/ansi-styles' ]
34 silly reify mark deleted [ '/usr/lib/node_modules/ascii-tarot/node_modules/chalk' ]
35 silly reify mark deleted [ '/usr/lib/node_modules/ascii-tarot/node_modules/chardet' ]
36 silly reify mark deleted [ '/usr/lib/node_modules/ascii-tarot/node_modules/cli-update' ]
37 silly reify mark deleted [ '/usr/lib/node_modules/ascii-tarot/node_modules/cli-cursor' ]
38 silly reify mark deleted [ '/usr/lib/node_modules/ascii-tarot/node_modules/cli-frames' ]
39 silly reify mark deleted [ '/usr/lib/node_modules/ascii-tarot/node_modules/cli-width' ]
40 silly reify mark deleted [ '/usr/lib/node_modules/ascii-tarot/node_modules/color-convert' ]
41 silly reify mark deleted [ '/usr/lib/node_modules/ascii-tarot/node_modules/emoji-regex' ]
42 silly reify mark deleted [ '/usr/lib/node_modules/ascii-tarot/node_modules/color-name' ]
43 silly reify mark deleted [
43 silly reify   '/usr/lib/node_modules/ascii-tarot/node_modules/escape-string-regexp'
43 silly reify ]
44 silly reify mark deleted [ '/usr/lib/node_modules/ascii-tarot/node_modules/external-editor' ]
45 silly reify mark deleted [ '/usr/lib/node_modules/ascii-tarot/node_modules/figures' ]
46 silly reify mark deleted [ '/usr/lib/node_modules/ascii-tarot/node_modules/has-flag' ]
47 silly reify mark deleted [ '/usr/lib/node_modules/ascii-tarot/node_modules/iconv-lite' ]
48 silly reify mark deleted [ '/usr/lib/node_modules/ascii-tarot/node_modules/inquirer' ]
49 silly reify mark deleted [
49 silly reify   '/usr/lib/node_modules/ascii-tarot/node_modules/is-fullwidth-code-point'
49 silly reify ]
50 silly reify mark deleted [ '/usr/lib/node_modules/ascii-tarot/node_modules/lodash' ]
51 silly reify mark deleted [ '/usr/lib/node_modules/ascii-tarot/node_modules/mimic-fn' ]
52 silly reify mark deleted [ '/usr/lib/node_modules/ascii-tarot/node_modules/mute-stream' ]
53 silly reify mark deleted [ '/usr/lib/node_modules/ascii-tarot/node_modules/onetime' ]
54 silly reify mark deleted [ '/usr/lib/node_modules/ascii-tarot/node_modules/os-tmpdir' ]
55 silly reify mark deleted [ '/usr/lib/node_modules/ascii-tarot/node_modules/restore-cursor' ]
56 silly reify mark deleted [ '/usr/lib/node_modules/ascii-tarot/node_modules/run-async' ]
57 silly reify mark deleted [ '/usr/lib/node_modules/ascii-tarot/node_modules/rxjs' ]
58 silly reify mark deleted [ '/usr/lib/node_modules/ascii-tarot/node_modules/safer-buffer' ]
59 silly reify mark deleted [ '/usr/lib/node_modules/ascii-tarot/node_modules/signal-exit' ]
60 silly reify mark deleted [ '/usr/lib/node_modules/ascii-tarot/node_modules/string-width' ]
61 silly reify mark deleted [ '/usr/lib/node_modules/ascii-tarot/node_modules/strip-ansi' ]
62 silly reify mark deleted [ '/usr/lib/node_modules/ascii-tarot/node_modules/supports-color' ]
63 silly reify mark deleted [ '/usr/lib/node_modules/ascii-tarot/node_modules/through' ]
64 silly reify mark deleted [ '/usr/lib/node_modules/ascii-tarot/node_modules/tmp' ]
65 silly reify mark deleted [ '/usr/lib/node_modules/ascii-tarot/node_modules/tslib' ]
66 silly reify mark deleted [ '/usr/lib/node_modules/ascii-tarot/node_modules/type-fest' ]
67 timing reify:diffTrees Completed in 1ms
68 silly reify mark retired [ '/usr/lib/node_modules/ascii-tarot', '/usr/bin/ascii-tarot' ]
69 silly reify moves {
69 silly reify   '/usr/lib/node_modules/ascii-tarot': '/usr/lib/node_modules/.ascii-tarot-Lh63XBDF',
69 silly reify   '/usr/bin/ascii-tarot': '/usr/bin/.ascii-tarot-rh9JBD4h'
69 silly reify }
70 timing reify:rollback:retireShallow Completed in 0ms
71 timing command:uninstall Completed in 36ms
72 verbose stack Error: EACCES: permission denied, rename '/usr/lib/node_modules/ascii-tarot' -> '/usr/lib/node_modules/.ascii-tarot-Lh63XBDF'
73 verbose cwd /home/dean/scripts/tarot
74 verbose Linux 5.9.16-1-MANJARO
75 verbose argv "/usr/bin/node" "/usr/bin/npm" "uninstall" "-g" "ascii-tarot"
76 verbose node v15.8.0
77 verbose npm  v7.5.3
78 error code EACCES
79 error syscall rename
80 error path /usr/lib/node_modules/ascii-tarot
81 error dest /usr/lib/node_modules/.ascii-tarot-Lh63XBDF
82 error errno -13
83 error Error: EACCES: permission denied, rename '/usr/lib/node_modules/ascii-tarot' -> '/usr/lib/node_modules/.ascii-tarot-Lh63XBDF'
83 error  [Error: EACCES: permission denied, rename '/usr/lib/node_modules/ascii-tarot' -> '/usr/lib/node_modules/.ascii-tarot-Lh63XBDF'] {
83 error   errno: -13,
83 error   code: 'EACCES',
83 error   syscall: 'rename',
83 error   path: '/usr/lib/node_modules/ascii-tarot',
83 error   dest: '/usr/lib/node_modules/.ascii-tarot-Lh63XBDF'
83 error }
84 error The operation was rejected by your operating system.
84 error It is likely you do not have the permissions to access this file as the current user
84 error
84 error If you believe this might be a permissions issue, please double-check the
84 error permissions of the file and its containing directories, or try running
84 error the command again as root/Administrator.
85 verbose exit -13
