0 verbose cli [ '/usr/bin/node', '/usr/bin/npm', 'install', '-g', 'ascii-tarot' ]
1 info using npm@7.5.3
2 info using node@v15.8.0
3 timing config:load:defaults Completed in 1ms
4 timing config:load:file:/usr/lib/node_modules/npm/npmrc Completed in 1ms
5 timing config:load:builtin Completed in 1ms
6 timing config:load:cli Completed in 1ms
7 timing config:load:env Completed in 1ms
8 timing config:load:file:/home/dean/scripts/tarot/.npmrc Completed in 0ms
9 timing config:load:project Completed in 0ms
10 timing config:load:file:/home/dean/.npmrc Completed in 0ms
11 timing config:load:user Completed in 0ms
12 timing config:load:file:/usr/etc/npmrc Completed in 0ms
13 timing config:load:global Completed in 0ms
14 timing config:load:cafile Completed in 1ms
15 timing config:load:validate Completed in 0ms
16 timing config:load:setUserAgent Completed in 0ms
17 timing config:load:setEnvs Completed in 0ms
18 timing config:load Completed in 5ms
19 verbose npm-session 2e0b017775796881
20 timing npm:load Completed in 9ms
21 timing arborist:ctor Completed in 1ms
22 timing idealTree:init Completed in 5ms
23 timing idealTree:userRequests Completed in 1ms
24 silly idealTree buildDeps
25 silly fetch manifest ascii-tarot@*
26 http fetch GET 304 https://registry.npmjs.org/ascii-tarot 844ms (from cache)
27 silly placeDep ROOT ascii-tarot@1.0.3 OK for:  want: *
28 silly fetch manifest cli-frames@^2.2.9
29 silly fetch manifest inquirer@^7.1.0
30 http fetch GET 304 https://registry.npmjs.org/inquirer 100ms (from cache)
31 http fetch GET 304 https://registry.npmjs.org/cli-frames 775ms (from cache)
32 timing idealTree:#root Completed in 1627ms
33 silly placeDep node_modules/ascii-tarot cli-frames@2.2.10 OK for: ascii-tarot@1.0.3 want: ^2.2.9
34 silly placeDep node_modules/ascii-tarot inquirer@7.3.3 OK for: ascii-tarot@1.0.3 want: ^7.1.0
35 silly fetch manifest cli-update@2.0.0
36 silly fetch manifest ansi-escapes@^4.2.1
37 silly fetch manifest chalk@^4.1.0
38 silly fetch manifest cli-cursor@^3.1.0
39 silly fetch manifest cli-width@^3.0.0
40 silly fetch manifest external-editor@^3.0.3
41 silly fetch manifest figures@^3.0.0
42 silly fetch manifest lodash@^4.17.19
43 silly fetch manifest mute-stream@0.0.8
44 silly fetch manifest run-async@^2.4.0
45 silly fetch manifest rxjs@^6.6.0
46 silly fetch manifest string-width@^4.1.0
47 silly fetch manifest strip-ansi@^6.0.0
48 silly fetch manifest through@^2.3.6
49 http fetch GET 304 https://registry.npmjs.org/ansi-escapes 84ms (from cache)
50 http fetch GET 304 https://registry.npmjs.org/chalk 125ms (from cache)
51 http fetch GET 304 https://registry.npmjs.org/mute-stream 143ms (from cache)
52 http fetch GET 304 https://registry.npmjs.org/lodash 147ms (from cache)
53 http fetch GET 304 https://registry.npmjs.org/figures 149ms (from cache)
54 http fetch GET 304 https://registry.npmjs.org/run-async 144ms (from cache)
55 http fetch GET 304 https://registry.npmjs.org/cli-width 154ms (from cache)
56 http fetch GET 304 https://registry.npmjs.org/strip-ansi 142ms (from cache)
57 http fetch GET 304 https://registry.npmjs.org/external-editor 153ms (from cache)
58 http fetch GET 304 https://registry.npmjs.org/through 143ms (from cache)
59 http fetch GET 304 https://registry.npmjs.org/rxjs 149ms (from cache)
60 http fetch GET 304 https://registry.npmjs.org/string-width 151ms (from cache)
61 http fetch GET 304 https://registry.npmjs.org/cli-update 794ms (from cache)
62 http fetch GET 304 https://registry.npmjs.org/cli-cursor 818ms (from cache)
63 timing idealTree:node_modules/ascii-tarot Completed in 837ms
64 silly placeDep node_modules/ascii-tarot cli-update@2.0.0 OK for: cli-frames@2.2.10 want: 2.0.0
65 timing idealTree:node_modules/ascii-tarot/node_modules/cli-frames Completed in 1ms
66 timing idealTree:node_modules/ascii-tarot/node_modules/cli-update Completed in 0ms
67 silly placeDep node_modules/ascii-tarot ansi-escapes@4.3.1 OK for: inquirer@7.3.3 want: ^4.2.1
68 silly placeDep node_modules/ascii-tarot chalk@4.1.0 OK for: inquirer@7.3.3 want: ^4.1.0
69 silly placeDep node_modules/ascii-tarot cli-cursor@3.1.0 OK for: inquirer@7.3.3 want: ^3.1.0
70 silly placeDep node_modules/ascii-tarot cli-width@3.0.0 OK for: inquirer@7.3.3 want: ^3.0.0
71 silly placeDep node_modules/ascii-tarot external-editor@3.1.0 OK for: inquirer@7.3.3 want: ^3.0.3
72 silly placeDep node_modules/ascii-tarot figures@3.2.0 OK for: inquirer@7.3.3 want: ^3.0.0
73 silly placeDep node_modules/ascii-tarot lodash@4.17.20 OK for: inquirer@7.3.3 want: ^4.17.19
74 silly placeDep node_modules/ascii-tarot mute-stream@0.0.8 OK for: inquirer@7.3.3 want: 0.0.8
75 silly placeDep node_modules/ascii-tarot run-async@2.4.1 OK for: inquirer@7.3.3 want: ^2.4.0
76 silly placeDep node_modules/ascii-tarot rxjs@6.6.3 OK for: inquirer@7.3.3 want: ^6.6.0
77 silly placeDep node_modules/ascii-tarot string-width@4.2.0 OK for: inquirer@7.3.3 want: ^4.1.0
78 silly placeDep node_modules/ascii-tarot strip-ansi@6.0.0 OK for: inquirer@7.3.3 want: ^6.0.0
79 silly placeDep node_modules/ascii-tarot through@2.3.8 OK for: inquirer@7.3.3 want: ^2.3.6
80 silly fetch manifest type-fest@^0.11.0
81 silly fetch manifest ansi-styles@^4.1.0
82 silly fetch manifest supports-color@^7.1.0
83 silly fetch manifest restore-cursor@^3.1.0
84 silly fetch manifest chardet@^0.7.0
85 silly fetch manifest iconv-lite@^0.4.24
86 silly fetch manifest tmp@^0.0.33
87 silly fetch manifest escape-string-regexp@^1.0.5
88 silly fetch manifest tslib@^1.9.0
89 silly fetch manifest emoji-regex@^8.0.0
90 silly fetch manifest is-fullwidth-code-point@^3.0.0
91 silly fetch manifest ansi-regex@^5.0.0
92 http fetch GET 304 https://registry.npmjs.org/supports-color 39ms (from cache)
93 http fetch GET 304 https://registry.npmjs.org/type-fest 52ms (from cache)
94 http fetch GET 304 https://registry.npmjs.org/escape-string-regexp 58ms (from cache)
95 http fetch GET 304 https://registry.npmjs.org/tmp 66ms (from cache)
96 http fetch GET 304 https://registry.npmjs.org/is-fullwidth-code-point 66ms (from cache)
97 http fetch GET 304 https://registry.npmjs.org/restore-cursor 71ms (from cache)
98 http fetch GET 304 https://registry.npmjs.org/ansi-regex 66ms (from cache)
99 http fetch GET 304 https://registry.npmjs.org/chardet 74ms (from cache)
100 http fetch GET 304 https://registry.npmjs.org/iconv-lite 74ms (from cache)
101 http fetch GET 304 https://registry.npmjs.org/emoji-regex 71ms (from cache)
102 http fetch GET 304 https://registry.npmjs.org/tslib 73ms (from cache)
103 http fetch GET 304 https://registry.npmjs.org/ansi-styles 81ms (from cache)
104 timing idealTree:node_modules/ascii-tarot/node_modules/inquirer Completed in 89ms
105 silly placeDep node_modules/ascii-tarot type-fest@0.11.0 OK for: ansi-escapes@4.3.1 want: ^0.11.0
106 timing idealTree:node_modules/ascii-tarot/node_modules/ansi-escapes Completed in 1ms
107 silly placeDep node_modules/ascii-tarot ansi-styles@4.3.0 OK for: chalk@4.1.0 want: ^4.1.0
108 silly placeDep node_modules/ascii-tarot supports-color@7.2.0 OK for: chalk@4.1.0 want: ^7.1.0
109 silly fetch manifest color-convert@^2.0.1
110 silly fetch manifest has-flag@^4.0.0
111 http fetch GET 304 https://registry.npmjs.org/has-flag 41ms (from cache)
112 http fetch GET 304 https://registry.npmjs.org/color-convert 68ms (from cache)
113 timing idealTree:node_modules/ascii-tarot/node_modules/chalk Completed in 70ms
114 silly placeDep node_modules/ascii-tarot color-convert@2.0.1 OK for: ansi-styles@4.3.0 want: ^2.0.1
115 silly fetch manifest color-name@~1.1.4
116 http fetch GET 304 https://registry.npmjs.org/color-name 84ms (from cache)
117 timing idealTree:node_modules/ascii-tarot/node_modules/ansi-styles Completed in 89ms
118 silly placeDep node_modules/ascii-tarot restore-cursor@3.1.0 OK for: cli-cursor@3.1.0 want: ^3.1.0
119 silly fetch manifest onetime@^5.1.0
120 silly fetch manifest signal-exit@^3.0.2
121 http fetch GET 304 https://registry.npmjs.org/signal-exit 67ms (from cache)
122 http fetch GET 304 https://registry.npmjs.org/onetime 75ms (from cache)
123 timing idealTree:node_modules/ascii-tarot/node_modules/cli-cursor Completed in 81ms
124 timing idealTree:node_modules/ascii-tarot/node_modules/cli-width Completed in 0ms
125 silly placeDep node_modules/ascii-tarot color-name@1.1.4 OK for: color-convert@2.0.1 want: ~1.1.4
126 timing idealTree:node_modules/ascii-tarot/node_modules/color-convert Completed in 2ms
127 timing idealTree:node_modules/ascii-tarot/node_modules/color-name Completed in 0ms
128 silly placeDep node_modules/ascii-tarot chardet@0.7.0 OK for: external-editor@3.1.0 want: ^0.7.0
129 silly placeDep node_modules/ascii-tarot iconv-lite@0.4.24 OK for: external-editor@3.1.0 want: ^0.4.24
130 silly placeDep node_modules/ascii-tarot tmp@0.0.33 OK for: external-editor@3.1.0 want: ^0.0.33
131 silly fetch manifest safer-buffer@>= 2.1.2 < 3
132 silly fetch manifest os-tmpdir@~1.0.2
133 http fetch GET 304 https://registry.npmjs.org/os-tmpdir 43ms (from cache)
134 http fetch GET 304 https://registry.npmjs.org/safer-buffer 64ms (from cache)
135 timing idealTree:node_modules/ascii-tarot/node_modules/external-editor Completed in 74ms
136 timing idealTree:node_modules/ascii-tarot/node_modules/chardet Completed in 0ms
137 silly placeDep node_modules/ascii-tarot escape-string-regexp@1.0.5 OK for: figures@3.2.0 want: ^1.0.5
138 timing idealTree:node_modules/ascii-tarot/node_modules/figures Completed in 3ms
139 timing idealTree:node_modules/ascii-tarot/node_modules/escape-string-regexp Completed in 0ms
140 silly placeDep node_modules/ascii-tarot safer-buffer@2.1.2 OK for: iconv-lite@0.4.24 want: >= 2.1.2 < 3
141 timing idealTree:node_modules/ascii-tarot/node_modules/iconv-lite Completed in 3ms
142 timing idealTree:node_modules/ascii-tarot/node_modules/lodash Completed in 0ms
143 timing idealTree:node_modules/ascii-tarot/node_modules/mute-stream Completed in 0ms
144 silly placeDep node_modules/ascii-tarot onetime@5.1.2 OK for: restore-cursor@3.1.0 want: ^5.1.0
145 silly placeDep node_modules/ascii-tarot signal-exit@3.0.3 OK for: restore-cursor@3.1.0 want: ^3.0.2
146 silly fetch manifest mimic-fn@^2.1.0
147 http fetch GET 304 https://registry.npmjs.org/mimic-fn 45ms (from cache)
148 timing idealTree:node_modules/ascii-tarot/node_modules/restore-cursor Completed in 50ms
149 silly placeDep node_modules/ascii-tarot mimic-fn@2.1.0 OK for: onetime@5.1.2 want: ^2.1.0
150 timing idealTree:node_modules/ascii-tarot/node_modules/onetime Completed in 2ms
151 timing idealTree:node_modules/ascii-tarot/node_modules/mimic-fn Completed in 0ms
152 timing idealTree:node_modules/ascii-tarot/node_modules/run-async Completed in 0ms
153 silly placeDep node_modules/ascii-tarot tslib@1.14.1 OK for: rxjs@6.6.3 want: ^1.9.0
154 timing idealTree:node_modules/ascii-tarot/node_modules/rxjs Completed in 2ms
155 timing idealTree:node_modules/ascii-tarot/node_modules/safer-buffer Completed in 0ms
156 timing idealTree:node_modules/ascii-tarot/node_modules/signal-exit Completed in 0ms
157 silly placeDep node_modules/ascii-tarot emoji-regex@8.0.0 OK for: string-width@4.2.0 want: ^8.0.0
158 silly placeDep node_modules/ascii-tarot is-fullwidth-code-point@3.0.0 OK for: string-width@4.2.0 want: ^3.0.0
159 timing idealTree:node_modules/ascii-tarot/node_modules/string-width Completed in 3ms
160 timing idealTree:node_modules/ascii-tarot/node_modules/emoji-regex Completed in 0ms
161 timing idealTree:node_modules/ascii-tarot/node_modules/is-fullwidth-code-point Completed in 0ms
162 silly placeDep node_modules/ascii-tarot ansi-regex@5.0.0 OK for: strip-ansi@6.0.0 want: ^5.0.0
163 timing idealTree:node_modules/ascii-tarot/node_modules/strip-ansi Completed in 2ms
164 timing idealTree:node_modules/ascii-tarot/node_modules/ansi-regex Completed in 0ms
165 silly placeDep node_modules/ascii-tarot has-flag@4.0.0 OK for: supports-color@7.2.0 want: ^4.0.0
166 timing idealTree:node_modules/ascii-tarot/node_modules/supports-color Completed in 1ms
167 timing idealTree:node_modules/ascii-tarot/node_modules/has-flag Completed in 0ms
168 timing idealTree:node_modules/ascii-tarot/node_modules/through Completed in 0ms
169 silly placeDep node_modules/ascii-tarot os-tmpdir@1.0.2 OK for: tmp@0.0.33 want: ~1.0.2
170 timing idealTree:node_modules/ascii-tarot/node_modules/tmp Completed in 1ms
171 timing idealTree:node_modules/ascii-tarot/node_modules/os-tmpdir Completed in 0ms
172 timing idealTree:node_modules/ascii-tarot/node_modules/tslib Completed in 0ms
173 timing idealTree:node_modules/ascii-tarot/node_modules/type-fest Completed in 0ms
174 timing idealTree:buildDeps Completed in 2947ms
175 timing idealTree:fixDepFlags Completed in 2ms
176 timing idealTree Completed in 2958ms
177 timing reify:loadTrees Completed in 2963ms
178 timing reify:diffTrees Completed in 1ms
179 silly reify moves {}
180 timing reify:retireShallow Completed in 0ms
181 timing reify:rollback:createSparse Completed in 0ms
182 timing reify:rollback:retireShallow Completed in 0ms
183 timing command:install Completed in 2975ms
184 verbose stack Error: EACCES: permission denied, mkdir '/usr/lib/node_modules/ascii-tarot'
185 verbose cwd /home/dean/scripts/tarot
186 verbose Linux 5.9.16-1-MANJARO
187 verbose argv "/usr/bin/node" "/usr/bin/npm" "install" "-g" "ascii-tarot"
188 verbose node v15.8.0
189 verbose npm  v7.5.3
190 error code EACCES
191 error syscall mkdir
192 error path /usr/lib/node_modules/ascii-tarot
193 error errno -13
194 error Error: EACCES: permission denied, mkdir '/usr/lib/node_modules/ascii-tarot'
194 error  [Error: EACCES: permission denied, mkdir '/usr/lib/node_modules/ascii-tarot'] {
194 error   errno: -13,
194 error   code: 'EACCES',
194 error   syscall: 'mkdir',
194 error   path: '/usr/lib/node_modules/ascii-tarot'
194 error }
195 error The operation was rejected by your operating system.
195 error It is likely you do not have the permissions to access this file as the current user
195 error
195 error If you believe this might be a permissions issue, please double-check the
195 error permissions of the file and its containing directories, or try running
195 error the command again as root/Administrator.
196 verbose exit -13
