0 verbose cli [ '/usr/bin/node', '/usr/bin/npm', 'start' ]
1 info using npm@7.5.3
2 info using node@v15.8.0
3 timing config:load:defaults Completed in 0ms
4 timing config:load:file:/usr/lib/node_modules/npm/npmrc Completed in 0ms
5 timing config:load:builtin Completed in 1ms
6 timing config:load:cli Completed in 1ms
7 timing config:load:env Completed in 0ms
8 timing config:load:file:/home/dean/downloads/react-native-starter-kit-instamobile/.npmrc Completed in 0ms
9 timing config:load:project Completed in 1ms
10 timing config:load:file:/home/dean/.npmrc Completed in 0ms
11 timing config:load:user Completed in 0ms
12 timing config:load:file:/usr/etc/npmrc Completed in 0ms
13 timing config:load:global Completed in 0ms
14 timing config:load:cafile Completed in 0ms
15 timing config:load:validate Completed in 0ms
16 timing config:load:setUserAgent Completed in 0ms
17 timing config:load:setEnvs Completed in 1ms
18 timing config:load Completed in 4ms
19 verbose npm-session 2df9f2d1c18ac41c
20 timing npm:load Completed in 8ms
21 timing command:run-script Completed in 26ms
22 timing command:start Completed in 27ms
23 verbose stack Error: command failed
23 verbose stack     at ChildProcess.<anonymous> (/usr/lib/node_modules/npm/node_modules/@npmcli/promise-spawn/index.js:64:27)
23 verbose stack     at ChildProcess.emit (node:events:378:20)
23 verbose stack     at maybeClose (node:internal/child_process:1067:16)
23 verbose stack     at Process.ChildProcess._handle.onexit (node:internal/child_process:301:5)
24 verbose pkgid StarterApp@0.0.1
25 verbose cwd /home/dean/downloads/react-native-starter-kit-instamobile
26 verbose Linux 5.9.16-1-MANJARO
27 verbose argv "/usr/bin/node" "/usr/bin/npm" "start"
28 verbose node v15.8.0
29 verbose npm  v7.5.3
30 error code 1
31 error path /home/dean/downloads/react-native-starter-kit-instamobile
32 error command failed
33 error command sh -c node node_modules/react-native/local-cli/cli.js start
34 verbose exit 1
